<?xml version="1.0" encoding="UTF-8"?>
<!-- Generated by org.testng.reporters.JUnitReportReporter -->
<testsuite hostname="DESKTOP-O97RVE1" failures="0" tests="1" name="script.Test2" time="3.974" errors="0" timestamp="04 Mar 2022 02:36:02 GMT" skipped="0">
  <testcase classname="script.Test2" name="testA" time="3.974"/>
</testsuite> <!-- script.Test2 -->
