<?xml version="1.0" encoding="UTF-8"?>
<!-- Generated by org.testng.reporters.JUnitReportReporter -->
<testsuite hostname="DESKTOP-O97RVE1" failures="0" tests="1" name="script.Test1" time="10.099" errors="0" timestamp="04 Mar 2022 02:36:02 GMT" skipped="0">
  <testcase classname="script.Test1" name="testA" time="10.099"/>
</testsuite> <!-- script.Test1 -->
